<!DOCTYPE html PUBLIC "-//W3C//DTD XHTML 1.1//EN" "http://www.w3.org/TR/xhtml11/DTD/xhtml11.dtd">
<html xmlns="http://www.w3.org/1999/xhtml">
<head>
<meta http-equiv="content-type" content="text/html; charset=UTF-8"/>
<title>TestNG Report</title>
<style type="text/css">table {margin-bottom:10px;border-collapse:collapse;empty-cells:show}th,td {border:1px solid #009;padding:.25em .5em}th {vertical-align:bottom}td {vertical-align:top}table a {font-weight:bold}.stripe td {background-color: #E6EBF9}.num {text-align:right}.passedodd td {background-color: #3F3}.passedeven td {background-color: #0A0}.skippedodd td {background-color: #DDD}.skippedeven td {background-color: #CCC}.failedodd td,.attn {background-color: #F33}.failedeven td,.stripe .attn {background-color: #D00}.stacktrace {white-space:pre;font-family:monospace}.totop {font-size:85%;text-align:center;border-bottom:2px solid #000}.invisible {display:none}</style>
</head>
<body>
<table>
<tr><th>Test</th><th># Passed</th><th># Skipped</th><th># Retried</th><th># Failed</th><th>Time (ms)</th><th>Included Groups</th><th>Excluded Groups</th></tr>
<tr><th colspan="8">Command line suite</th></tr>
<tr><td><a href="#t0">Command line test</a></td><td class="num">12</td><td class="num">0</td><td class="num">0</td><td class="num attn">4</td><td class="num">1,479,328</td><td></td><td></td></tr>
</table>
<table id='summary'><thead><tr><th>Class</th><th>Method</th><th>Start</th><th>Time (ms)</th></tr></thead><tbody><tr><th colspan="4">Command line suite</th></tr></tbody><tbody id="t0"><tr><th colspan="4">Command line test &#8212; failed</th></tr><tr class="failedeven"><td rowspan="2">io.mosip.test.admintest.testcase.BulkUploadTest</td><td><a href="#m0">bulkUploadCRUD</a></td><td rowspan="2">1688987757933</td><td rowspan="2">42713</td></tr><tr class="failedeven"><td><a href="#m1">bulkUploadCRUD</a></td></tr><tr class="failedodd"><td rowspan="1">io.mosip.test.admintest.testcase.HolidaysTest</td><td><a href="#m2">holidaysCRUD</a></td><td rowspan="1">1688986546164</td><td rowspan="1">171050</td></tr><tr class="failedeven"><td rowspan="1">io.mosip.test.admintest.testcase.MachineTest</td><td><a href="#m3">machineCRUD</a></td><td rowspan="1">1688986900352</td><td rowspan="1">178640</td></tr><tr><th colspan="4">Command line test &#8212; passed</th></tr><tr class="passedeven"><td rowspan="1">io.mosip.test.admintest.testcase.BlockListTest</td><td><a href="#m4">blocklistedwordsCRUD</a></td><td rowspan="1">1688987085826</td><td rowspan="1">167573</td></tr><tr class="passedodd"><td rowspan="1">io.mosip.test.admintest.testcase.CenterTest</td><td><a href="#m5">centerCRUD</a></td><td rowspan="1">1688986400939</td><td rowspan="1">139446</td></tr><tr class="passedeven"><td rowspan="1">io.mosip.test.admintest.testcase.CenterTypeTest</td><td><a href="#m6">centerTypeCRUD</a></td><td rowspan="1">1688987258565</td><td rowspan="1">54350</td></tr><tr class="passedodd"><td rowspan="1">io.mosip.test.admintest.testcase.DeviceSpecificationTest</td><td><a href="#m7">deviceSpecCRUD</a></td><td rowspan="1">1688987317688</td><td rowspan="1">63258</td></tr><tr class="passedeven"><td rowspan="1">io.mosip.test.admintest.testcase.DeviceTest</td><td><a href="#m8">deviceCRUD</a></td><td rowspan="1">1688986806857</td><td rowspan="1">88595</td></tr><tr class="passedodd"><td rowspan="1">io.mosip.test.admintest.testcase.DeviceTypesTest</td><td><a href="#m9">deviceTypesCRUD</a></td><td rowspan="1">1688987385503</td><td rowspan="1">58803</td></tr><tr class="passedeven"><td rowspan="1">io.mosip.test.admintest.testcase.DocumentCategoriesTest</td><td><a href="#m10">documentCategoriesCRUD</a></td><td rowspan="1">1688987634743</td><td rowspan="1">52827</td></tr><tr class="passedodd"><td rowspan="1">io.mosip.test.admintest.testcase.DocumentTypes</td><td><a href="#m11">documentTypesCRUD</a></td><td rowspan="1">1688987694294</td><td rowspan="1">57771</td></tr><tr class="passedeven"><td rowspan="1">io.mosip.test.admintest.testcase.DynamicFieldTest</td><td><a href="#m12">dynamicFieldCRUD</a></td><td rowspan="1">1688987579133</td><td rowspan="1">51376</td></tr><tr class="passedodd"><td rowspan="1">io.mosip.test.admintest.testcase.MachineSpecificationTest</td><td><a href="#m13">machineSpecCRUD</a></td><td rowspan="1">1688987448844</td><td rowspan="1">59610</td></tr><tr class="passedeven"><td rowspan="1">io.mosip.test.admintest.testcase.MachineTypesTest</td><td><a href="#m14">machineTypesCRUD</a></td><td rowspan="1">1688987514606</td><td rowspan="1">59779</td></tr><tr class="passedodd"><td rowspan="1">io.mosip.test.admintest.testcase.TemplateTest</td><td><a href="#m15">templateCRUD</a></td><td rowspan="1">1688986726396</td><td rowspan="1">71787</td></tr></tbody>
</table>
<h2>Command line test</h2><h3 id="m0">io.mosip.test.admintest.testcase.BulkUploadTest#bulkUploadCRUD</h3><table class="result"><tr class="param"><th>Parameter #1</th></tr><tr class="param stripe"><td>device_type</td></tr><tr><th>Exception</th></tr><tr><td><div class="stacktrace">org.openqa.selenium.NoSuchElementException: no such element: Unable to locate element: {&quot;method&quot;:&quot;css selector&quot;,&quot;selector&quot;:&quot;#Upload\ Data&quot;}
  (Session info: chrome=114.0.5735.199)
For documentation on this error, please visit: https://www.seleniumhq.org/exceptions/no_such_element.html
Build info: version: &apos;3.141.59&apos;, revision: &apos;e82be7d358&apos;, time: &apos;2018-11-14T08:17:03&apos;
System info: host: &apos;TECHNO-483&apos;, ip: &apos;192.168.1.101&apos;, os.name: &apos;Windows 10&apos;, os.arch: &apos;amd64&apos;, os.version: &apos;10.0&apos;, java.version: &apos;17.0.5&apos;
Driver info: org.openqa.selenium.chrome.ChromeDriver
Capabilities {acceptInsecureCerts: false, browserName: chrome, browserVersion: 114.0.5735.199, chrome: {chromedriverVersion: 114.0.5735.90 (386bc09e8f4f..., userDataDir: C:\Users\ANUP~1.NEH\AppData...}, goog:chromeOptions: {debuggerAddress: localhost:55954}, javascriptEnabled: true, networkConnectionEnabled: false, pageLoadStrategy: normal, platform: WINDOWS, platformName: WINDOWS, proxy: Proxy(), setWindowRect: true, strictFileInteractability: false, timeouts: {implicit: 0, pageLoad: 300000, script: 30000}, unhandledPromptBehavior: dismiss and notify, webauthn:extension:credBlob: true, webauthn:extension:largeBlob: true, webauthn:extension:minPinLength: true, webauthn:extension:prf: true, webauthn:virtualAuthenticators: true}
Session ID: 08403dc1f1adc72bd6f99f026445e01b
*** Element info: {Using=id, value=Upload Data}
	at org.openqa.selenium.remote.http.W3CHttpResponseCodec.createException(W3CHttpResponseCodec.java:187)
	at org.openqa.selenium.remote.http.W3CHttpResponseCodec.decode(W3CHttpResponseCodec.java:122)
	at org.openqa.selenium.remote.http.W3CHttpResponseCodec.decode(W3CHttpResponseCodec.java:49)
	at org.openqa.selenium.remote.HttpCommandExecutor.execute(HttpCommandExecutor.java:158)
	at org.openqa.selenium.remote.service.DriverCommandExecutor.execute(DriverCommandExecutor.java:83)
	at org.openqa.selenium.remote.RemoteWebDriver.execute(RemoteWebDriver.java:552)
	at org.openqa.selenium.remote.RemoteWebDriver.findElement(RemoteWebDriver.java:323)
	at org.openqa.selenium.remote.RemoteWebDriver.findElementById(RemoteWebDriver.java:372)
	at org.openqa.selenium.By$ById.findElement(By.java:188)
	at org.openqa.selenium.remote.RemoteWebDriver.findElement(RemoteWebDriver.java:315)
	at io.mosip.test.admintest.utility.Commons.click(Commons.java:88)
	at io.mosip.test.admintest.testcase.BulkUploadTest.bulkUploadCRUD(BulkUploadTest.java:81)
	at java.base/java.util.ArrayList.forEach(ArrayList.java:1511)
	at io.mosip.test.admintest.utility.TestRunner.main(TestRunner.java:57)
... Removed 28 stack frames</div></td></tr></table><p class="totop"><a href="#summary">back to summary</a></p>
<h3 id="m1">io.mosip.test.admintest.testcase.BulkUploadTest#bulkUploadCRUD</h3><table class="result"><tr class="param"><th>Parameter #1</th></tr><tr class="param stripe"><td>machine_master</td></tr><tr><th>Exception</th></tr><tr><td><div class="stacktrace">org.openqa.selenium.NoSuchElementException: no such element: Unable to locate element: {&quot;method&quot;:&quot;css selector&quot;,&quot;selector&quot;:&quot;#fileInput&quot;}
  (Session info: chrome=114.0.5735.199)
For documentation on this error, please visit: https://www.seleniumhq.org/exceptions/no_such_element.html
Build info: version: &apos;3.141.59&apos;, revision: &apos;e82be7d358&apos;, time: &apos;2018-11-14T08:17:03&apos;
System info: host: &apos;TECHNO-483&apos;, ip: &apos;192.168.1.101&apos;, os.name: &apos;Windows 10&apos;, os.arch: &apos;amd64&apos;, os.version: &apos;10.0&apos;, java.version: &apos;17.0.5&apos;
Driver info: org.openqa.selenium.chrome.ChromeDriver
Capabilities {acceptInsecureCerts: false, browserName: chrome, browserVersion: 114.0.5735.199, chrome: {chromedriverVersion: 114.0.5735.90 (386bc09e8f4f..., userDataDir: C:\Users\ANUP~1.NEH\AppData...}, goog:chromeOptions: {debuggerAddress: localhost:55991}, javascriptEnabled: true, networkConnectionEnabled: false, pageLoadStrategy: normal, platform: WINDOWS, platformName: WINDOWS, proxy: Proxy(), setWindowRect: true, strictFileInteractability: false, timeouts: {implicit: 0, pageLoad: 300000, script: 30000}, unhandledPromptBehavior: dismiss and notify, webauthn:extension:credBlob: true, webauthn:extension:largeBlob: true, webauthn:extension:minPinLength: true, webauthn:extension:prf: true, webauthn:virtualAuthenticators: true}
Session ID: 6ab26f7c2a9318b14f486e7f281d85a0
*** Element info: {Using=id, value=fileInput}
	at org.openqa.selenium.remote.http.W3CHttpResponseCodec.createException(W3CHttpResponseCodec.java:187)
	at org.openqa.selenium.remote.http.W3CHttpResponseCodec.decode(W3CHttpResponseCodec.java:122)
	at org.openqa.selenium.remote.http.W3CHttpResponseCodec.decode(W3CHttpResponseCodec.java:49)
	at org.openqa.selenium.remote.HttpCommandExecutor.execute(HttpCommandExecutor.java:158)
	at org.openqa.selenium.remote.service.DriverCommandExecutor.execute(DriverCommandExecutor.java:83)
	at org.openqa.selenium.remote.RemoteWebDriver.execute(RemoteWebDriver.java:552)
	at org.openqa.selenium.remote.RemoteWebDriver.findElement(RemoteWebDriver.java:323)
	at org.openqa.selenium.remote.RemoteWebDriver.findElementById(RemoteWebDriver.java:372)
	at org.openqa.selenium.By$ById.findElement(By.java:188)
	at org.openqa.selenium.remote.RemoteWebDriver.findElement(RemoteWebDriver.java:315)
	at io.mosip.test.admintest.utility.Commons.enter(Commons.java:129)
	at io.mosip.test.admintest.testcase.BulkUploadTest.bulkUploadCRUD(BulkUploadTest.java:95)
	at java.base/java.util.ArrayList.forEach(ArrayList.java:1511)
	at io.mosip.test.admintest.utility.TestRunner.main(TestRunner.java:57)
... Removed 28 stack frames</div></td></tr></table><p class="totop"><a href="#summary">back to summary</a></p>
<h3 id="m2">io.mosip.test.admintest.testcase.HolidaysTest#holidaysCRUD</h3><table class="result"><tr><th>Exception</th></tr><tr><td><div class="stacktrace">org.openqa.selenium.NoSuchElementException: no such element: Unable to locate element: {&quot;method&quot;:&quot;css selector&quot;,&quot;selector&quot;:&quot;#ellipsis\-button0&quot;}
  (Session info: chrome=114.0.5735.199)
For documentation on this error, please visit: https://www.seleniumhq.org/exceptions/no_such_element.html
Build info: version: &apos;3.141.59&apos;, revision: &apos;e82be7d358&apos;, time: &apos;2018-11-14T08:17:03&apos;
System info: host: &apos;TECHNO-483&apos;, ip: &apos;192.168.1.101&apos;, os.name: &apos;Windows 10&apos;, os.arch: &apos;amd64&apos;, os.version: &apos;10.0&apos;, java.version: &apos;17.0.5&apos;
Driver info: org.openqa.selenium.chrome.ChromeDriver
Capabilities {acceptInsecureCerts: false, browserName: chrome, browserVersion: 114.0.5735.199, chrome: {chromedriverVersion: 114.0.5735.90 (386bc09e8f4f..., userDataDir: C:\Users\ANUP~1.NEH\AppData...}, goog:chromeOptions: {debuggerAddress: localhost:54201}, javascriptEnabled: true, networkConnectionEnabled: false, pageLoadStrategy: normal, platform: WINDOWS, platformName: WINDOWS, proxy: Proxy(), setWindowRect: true, strictFileInteractability: false, timeouts: {implicit: 0, pageLoad: 300000, script: 30000}, unhandledPromptBehavior: dismiss and notify, webauthn:extension:credBlob: true, webauthn:extension:largeBlob: true, webauthn:extension:minPinLength: true, webauthn:extension:prf: true, webauthn:virtualAuthenticators: true}
Session ID: 4b25e64767c1c67e806902749f94a361
*** Element info: {Using=id, value=ellipsis-button0}
	at org.openqa.selenium.remote.http.W3CHttpResponseCodec.createException(W3CHttpResponseCodec.java:187)
	at org.openqa.selenium.remote.http.W3CHttpResponseCodec.decode(W3CHttpResponseCodec.java:122)
	at org.openqa.selenium.remote.http.W3CHttpResponseCodec.decode(W3CHttpResponseCodec.java:49)
	at org.openqa.selenium.remote.HttpCommandExecutor.execute(HttpCommandExecutor.java:158)
	at org.openqa.selenium.remote.service.DriverCommandExecutor.execute(DriverCommandExecutor.java:83)
	at org.openqa.selenium.remote.RemoteWebDriver.execute(RemoteWebDriver.java:552)
	at org.openqa.selenium.remote.RemoteWebDriver.findElement(RemoteWebDriver.java:323)
	at org.openqa.selenium.remote.RemoteWebDriver.findElementById(RemoteWebDriver.java:372)
	at org.openqa.selenium.By$ById.findElement(By.java:188)
	at org.openqa.selenium.remote.RemoteWebDriver.findElement(RemoteWebDriver.java:315)
	at io.mosip.test.admintest.utility.Commons.click(Commons.java:88)
	at io.mosip.test.admintest.utility.Commons.activate(Commons.java:288)
	at io.mosip.test.admintest.testcase.HolidaysTest.holidaysCRUD(HolidaysTest.java:64)
	at java.base/java.util.ArrayList.forEach(ArrayList.java:1511)
	at io.mosip.test.admintest.utility.TestRunner.main(TestRunner.java:57)
... Removed 29 stack frames</div></td></tr></table><p class="totop"><a href="#summary">back to summary</a></p>
<h3 id="m3">io.mosip.test.admintest.testcase.MachineTest#machineCRUD</h3><table class="result"><tr><th>Exception</th></tr><tr><td><div class="stacktrace">org.openqa.selenium.NoSuchElementException: no such element: Unable to locate element: {&quot;method&quot;:&quot;css selector&quot;,&quot;selector&quot;:&quot;#ellipsis\-button0&quot;}
  (Session info: chrome=114.0.5735.199)
For documentation on this error, please visit: https://www.seleniumhq.org/exceptions/no_such_element.html
Build info: version: &apos;3.141.59&apos;, revision: &apos;e82be7d358&apos;, time: &apos;2018-11-14T08:17:03&apos;
System info: host: &apos;TECHNO-483&apos;, ip: &apos;192.168.1.101&apos;, os.name: &apos;Windows 10&apos;, os.arch: &apos;amd64&apos;, os.version: &apos;10.0&apos;, java.version: &apos;17.0.5&apos;
Driver info: org.openqa.selenium.chrome.ChromeDriver
Capabilities {acceptInsecureCerts: false, browserName: chrome, browserVersion: 114.0.5735.199, chrome: {chromedriverVersion: 114.0.5735.90 (386bc09e8f4f..., userDataDir: C:\Users\ANUP~1.NEH\AppData...}, goog:chromeOptions: {debuggerAddress: localhost:54976}, javascriptEnabled: true, networkConnectionEnabled: false, pageLoadStrategy: normal, platform: WINDOWS, platformName: WINDOWS, proxy: Proxy(), setWindowRect: true, strictFileInteractability: false, timeouts: {implicit: 0, pageLoad: 300000, script: 30000}, unhandledPromptBehavior: dismiss and notify, webauthn:extension:credBlob: true, webauthn:extension:largeBlob: true, webauthn:extension:minPinLength: true, webauthn:extension:prf: true, webauthn:virtualAuthenticators: true}
Session ID: 4d85767366d927defa7623ffe95f5d9e
*** Element info: {Using=id, value=ellipsis-button0}
	at org.openqa.selenium.remote.http.W3CHttpResponseCodec.createException(W3CHttpResponseCodec.java:187)
	at org.openqa.selenium.remote.http.W3CHttpResponseCodec.decode(W3CHttpResponseCodec.java:122)
	at org.openqa.selenium.remote.http.W3CHttpResponseCodec.decode(W3CHttpResponseCodec.java:49)
	at org.openqa.selenium.remote.HttpCommandExecutor.execute(HttpCommandExecutor.java:158)
	at org.openqa.selenium.remote.service.DriverCommandExecutor.execute(DriverCommandExecutor.java:83)
	at org.openqa.selenium.remote.RemoteWebDriver.execute(RemoteWebDriver.java:552)
	at org.openqa.selenium.remote.RemoteWebDriver.findElement(RemoteWebDriver.java:323)
	at org.openqa.selenium.remote.RemoteWebDriver.findElementById(RemoteWebDriver.java:372)
	at org.openqa.selenium.By$ById.findElement(By.java:188)
	at org.openqa.selenium.remote.RemoteWebDriver.findElement(RemoteWebDriver.java:315)
	at io.mosip.test.admintest.utility.Commons.click(Commons.java:88)
	at io.mosip.test.admintest.utility.Commons.activate(Commons.java:288)
	at io.mosip.test.admintest.testcase.MachineTest.machineCRUD(MachineTest.java:67)
	at java.base/java.util.ArrayList.forEach(ArrayList.java:1511)
	at io.mosip.test.admintest.utility.TestRunner.main(TestRunner.java:57)
... Removed 28 stack frames</div></td></tr></table><p class="totop"><a href="#summary">back to summary</a></p>
<h3 id="m4">io.mosip.test.admintest.testcase.BlockListTest#blocklistedwordsCRUD</h3><table class="result"><tr><th class="invisible"/></tr></table><p class="totop"><a href="#summary">back to summary</a></p>
<h3 id="m5">io.mosip.test.admintest.testcase.CenterTest#centerCRUD</h3><table class="result"><tr><th>Messages</th></tr><tr><td><div class="messages">centerCRUD</div></td></tr></table><p class="totop"><a href="#summary">back to summary</a></p>
<h3 id="m6">io.mosip.test.admintest.testcase.CenterTypeTest#centerTypeCRUD</h3><table class="result"><tr><th class="invisible"/></tr></table><p class="totop"><a href="#summary">back to summary</a></p>
<h3 id="m7">io.mosip.test.admintest.testcase.DeviceSpecificationTest#deviceSpecCRUD</h3><table class="result"><tr><th class="invisible"/></tr></table><p class="totop"><a href="#summary">back to summary</a></p>
<h3 id="m8">io.mosip.test.admintest.testcase.DeviceTest#deviceCRUD</h3><table class="result"><tr><th class="invisible"/></tr></table><p class="totop"><a href="#summary">back to summary</a></p>
<h3 id="m9">io.mosip.test.admintest.testcase.DeviceTypesTest#deviceTypesCRUD</h3><table class="result"><tr><th class="invisible"/></tr></table><p class="totop"><a href="#summary">back to summary</a></p>
<h3 id="m10">io.mosip.test.admintest.testcase.DocumentCategoriesTest#documentCategoriesCRUD</h3><table class="result"><tr><th class="invisible"/></tr></table><p class="totop"><a href="#summary">back to summary</a></p>
<h3 id="m11">io.mosip.test.admintest.testcase.DocumentTypes#documentTypesCRUD</h3><table class="result"><tr><th class="invisible"/></tr></table><p class="totop"><a href="#summary">back to summary</a></p>
<h3 id="m12">io.mosip.test.admintest.testcase.DynamicFieldTest#dynamicFieldCRUD</h3><table class="result"><tr><th class="invisible"/></tr></table><p class="totop"><a href="#summary">back to summary</a></p>
<h3 id="m13">io.mosip.test.admintest.testcase.MachineSpecificationTest#machineSpecCRUD</h3><table class="result"><tr><th class="invisible"/></tr></table><p class="totop"><a href="#summary">back to summary</a></p>
<h3 id="m14">io.mosip.test.admintest.testcase.MachineTypesTest#machineTypesCRUD</h3><table class="result"><tr><th class="invisible"/></tr></table><p class="totop"><a href="#summary">back to summary</a></p>
<h3 id="m15">io.mosip.test.admintest.testcase.TemplateTest#templateCRUD</h3><table class="result"><tr><th class="invisible"/></tr></table><p class="totop"><a href="#summary">back to summary</a></p>
</body>
</html>
